0 info it worked if it ends with ok
1 verbose cli [ 'c:\\Program Files\\nodejs\\node.exe',
1 verbose cli   'c:\\Program Files\\nodejs\\node_modules\\npm\\bin\\npm-cli.js',
1 verbose cli   'install',
1 verbose cli   'array.prototype.findIndex' ]
2 info using npm@2.10.1
3 info using node@v0.12.4
4 verbose install initial load of c:\Users\Olexa\Desktop\Binary2\11_node_app\package.json
5 verbose installManyTop reading scoped package data from c:\Users\Olexa\Desktop\Binary2\11_node_app\node_modules\casual\package.json
6 verbose installManyTop reading scoped package data from c:\Users\Olexa\Desktop\Binary2\11_node_app\node_modules\underscore\package.json
7 verbose readDependencies loading dependencies from c:\Users\Olexa\Desktop\Binary2\11_node_app\package.json
8 silly cache add args [ 'array.prototype.findIndex', null ]
9 verbose cache add spec array.prototype.findIndex
10 silly cache add parsed spec { raw: 'array.prototype.findIndex',
10 silly cache add   scope: null,
10 silly cache add   name: 'array.prototype.findIndex',
10 silly cache add   rawSpec: '',
10 silly cache add   spec: '*',
10 silly cache add   type: 'range' }
11 silly addNamed array.prototype.findIndex@*
12 verbose addNamed "*" is a valid semver range for array.prototype.findIndex
13 silly addNameRange { name: 'array.prototype.findIndex', range: '*', hasData: false }
14 silly mapToRegistry name array.prototype.findIndex
15 silly mapToRegistry using default registry
16 silly mapToRegistry registry https://registry.npmjs.org/
17 silly mapToRegistry uri https://registry.npmjs.org/array.prototype.findIndex
18 verbose addNameRange registry:https://registry.npmjs.org/array.prototype.findIndex not in flight; fetching
19 verbose request uri https://registry.npmjs.org/array.prototype.findIndex
20 verbose request no auth needed
21 info attempt registry request try #1 at 16:27:23
22 verbose request id c3e9b66cb3b12f9f
23 http request GET https://registry.npmjs.org/array.prototype.findIndex
24 http 404 https://registry.npmjs.org/array.prototype.findIndex
25 verbose headers { server: 'CouchDB/1.5.0 (Erlang OTP/R16B03)',
25 verbose headers   'content-type': 'application/json',
25 verbose headers   'cache-control': 'max-age=0',
25 verbose headers   'content-length': '51',
25 verbose headers   'accept-ranges': 'bytes',
25 verbose headers   date: 'Sun, 19 Jul 2015 13:27:25 GMT',
25 verbose headers   via: '1.1 varnish',
25 verbose headers   age: '0',
25 verbose headers   connection: 'keep-alive',
25 verbose headers   'x-served-by': 'cache-fra1234-FRA',
25 verbose headers   'x-cache': 'MISS',
25 verbose headers   'x-cache-hits': '0',
25 verbose headers   'x-timer': 'S1437312445.512176,VS0,VE182' }
26 silly get cb [ 404,
26 silly get   { server: 'CouchDB/1.5.0 (Erlang OTP/R16B03)',
26 silly get     'content-type': 'application/json',
26 silly get     'cache-control': 'max-age=0',
26 silly get     'content-length': '51',
26 silly get     'accept-ranges': 'bytes',
26 silly get     date: 'Sun, 19 Jul 2015 13:27:25 GMT',
26 silly get     via: '1.1 varnish',
26 silly get     age: '0',
26 silly get     connection: 'keep-alive',
26 silly get     'x-served-by': 'cache-fra1234-FRA',
26 silly get     'x-cache': 'MISS',
26 silly get     'x-cache-hits': '0',
26 silly get     'x-timer': 'S1437312445.512176,VS0,VE182' } ]
27 verbose stack Error: 404 Not Found: array.prototype.findIndex
27 verbose stack     at CachingRegistryClient.<anonymous> (c:\Program Files\nodejs\node_modules\npm\node_modules\npm-registry-client\lib\request.js:245:14)
27 verbose stack     at Request._callback (c:\Program Files\nodejs\node_modules\npm\node_modules\npm-registry-client\lib\request.js:170:14)
27 verbose stack     at Request.self.callback (c:\Program Files\nodejs\node_modules\npm\node_modules\request\request.js:368:22)
27 verbose stack     at Request.emit (events.js:110:17)
27 verbose stack     at Request.<anonymous> (c:\Program Files\nodejs\node_modules\npm\node_modules\request\request.js:1219:14)
27 verbose stack     at Request.emit (events.js:129:20)
27 verbose stack     at IncomingMessage.<anonymous> (c:\Program Files\nodejs\node_modules\npm\node_modules\request\request.js:1167:12)
27 verbose stack     at IncomingMessage.emit (events.js:129:20)
27 verbose stack     at _stream_readable.js:908:16
27 verbose stack     at process._tickCallback (node.js:355:11)
28 verbose statusCode 404
29 verbose pkgid array.prototype.findIndex
30 verbose cwd c:\Users\Olexa\Desktop\Binary2\11_node_app
31 error Windows_NT 6.1.7601
32 error argv "c:\\Program Files\\nodejs\\node.exe" "c:\\Program Files\\nodejs\\node_modules\\npm\\bin\\npm-cli.js" "install" "array.prototype.findIndex"
33 error node v0.12.4
34 error npm  v2.10.1
35 error code E404
36 error 404 Not Found: array.prototype.findIndex
36 error 404
36 error 404 'array.prototype.findIndex' is not in the npm registry.
36 error 404 You should bug the author to publish it (or use the name yourself!)
36 error 404
36 error 404 Note that you can also install from a
36 error 404 tarball, folder, http url, or git url.
37 verbose exit [ 1, true ]
